<?xml version="1.0" encoding="UTF-8"?>
<testsuite name="TestPaginationHelper" tests="1" skipped="0" failures="0" errors="0" timestamp="2022-01-25T02:14:37" hostname="KOP-2CW72R2" time="0.002">
  <properties/>
  <testcase name="testSanity" classname="TestPaginationHelper" time="0.002"/>
  <system-out><![CDATA[]]></system-out>
  <system-err><![CDATA[]]></system-err>
</testsuite>
